<?xml version="1.0" encoding="UTF-8"?>
<!-- Generated by org.testng.reporters.JUnitXMLReporter -->
<testsuite hostname="ATMECSINLT-283" ignored="0" name="searchProduct" tests="7" failures="0" timestamp="2019-10-13T15:41:40 IST" time="67.651" errors="0">
  <testcase name="click" time="6.473" classname="com.website.script.HomePageScript"/>
  <testcase name="click" time="7.295" classname="com.website.script.HomePageScript"/>
  <testcase name="click" time="7.046" classname="com.website.script.HomePageScript"/>
  <testcase name="click" time="6.193" classname="com.website.script.HomePageScript"/>
  <testcase name="click" time="5.778" classname="com.website.script.HomePageScript"/>
  <testcase name="click" time="5.895" classname="com.website.script.HomePageScript"/>
  <testcase name="click" time="6.289" classname="com.website.script.HomePageScript"/>
</testsuite> <!-- searchProduct -->
