<?xml version="1.0" encoding="UTF-8"?>
<testng-results skipped="0" failed="0" ignored="0" total="1" passed="1">
  <reporter-output>
  </reporter-output>
  <suite name="Default suite" duration-ms="19199" started-at="2019-10-13T17:22:53 IST" finished-at="2019-10-13T17:23:12 IST">
    <groups>
    </groups>
    <test name="Default test" duration-ms="19199" started-at="2019-10-13T17:22:53 IST" finished-at="2019-10-13T17:23:12 IST">
      <class name="com.website.script.Practice">
        <test-method status="PASS" signature="configSetup()[pri:0, instance:com.website.script.Practice@184f6be2]" name="configSetup" is-config="true" duration-ms="18784" started-at="2019-10-13T17:22:53 IST" finished-at="2019-10-13T17:23:12 IST">
          <reporter-output>
          </reporter-output>
        </test-method> <!-- configSetup -->
        <test-method status="PASS" signature="practice()[pri:0, instance:com.website.script.Practice@184f6be2]" name="practice" duration-ms="351" started-at="2019-10-13T17:23:12 IST" finished-at="2019-10-13T17:23:12 IST">
          <reporter-output>
          </reporter-output>
        </test-method> <!-- practice -->
        <test-method status="PASS" signature="endReport()[pri:0, instance:com.website.script.Practice@184f6be2]" name="endReport" is-config="true" duration-ms="1622" started-at="2019-10-13T17:23:12 IST" finished-at="2019-10-13T17:23:14 IST">
          <reporter-output>
          </reporter-output>
        </test-method> <!-- endReport -->
      </class> <!-- com.website.script.Practice -->
    </test> <!-- Default test -->
  </suite> <!-- Default suite -->
</testng-results>
