<?xml version="1.0" encoding="UTF-8"?>
<!-- Generated by org.testng.reporters.JUnitXMLReporter -->
<testsuite hostname="ATMECSINLT-283" ignored="0" name="searchProduct" tests="7" failures="0" timestamp="2019-10-13T17:04:03 IST" time="74.867" errors="0">
  <testcase name="click" time="6.815" classname="com.website.script.HomePageScript"/>
  <testcase name="click" time="6.035" classname="com.website.script.HomePageScript"/>
  <testcase name="click" time="7.168" classname="com.website.script.HomePageScript"/>
  <testcase name="click" time="5.977" classname="com.website.script.HomePageScript"/>
  <testcase name="click" time="6.218" classname="com.website.script.HomePageScript"/>
  <testcase name="click" time="5.28" classname="com.website.script.HomePageScript"/>
  <testcase name="click" time="7.603" classname="com.website.script.HomePageScript"/>
</testsuite> <!-- searchProduct -->
